[8:33:08 PM] (!) Created logfile '4-17-2021 8-33-08-PM.log'
[8:33:09 PM] (+) Logged in! [Mario Chess#4798]
[8:33:31 PM] (-) [CMD admin • FRAMEWORK] Error: 'DiscordAPIError' | Invalid Form Body
embed.description: Must be 2048 or fewer in length.
DiscordAPIError: Invalid Form Body
embed.description: Must be 2048 or fewer in length.
    at RequestHandler.execute (/home/tascord/Documents/Projects/MarioChess/node_modules/discord.js/src/rest/RequestHandler.js:237:13)
    at processTicksAndRejections (node:internal/process/task_queues:94:5)
    at async RequestHandler.push (/home/tascord/Documents/Projects/MarioChess/node_modules/discord.js/src/rest/RequestHandler.js:45:14)
[8:34:04 PM] (-) [CMD admin • FRAMEWORK] Error: 'DiscordAPIError' | Invalid Form Body
embed.description: Must be 2048 or fewer in length.
DiscordAPIError: Invalid Form Body
embed.description: Must be 2048 or fewer in length.
    at RequestHandler.execute (/home/tascord/Documents/Projects/MarioChess/node_modules/discord.js/src/rest/RequestHandler.js:237:13)
    at processTicksAndRejections (node:internal/process/task_queues:94:5)
    at async RequestHandler.push (/home/tascord/Documents/Projects/MarioChess/node_modules/discord.js/src/rest/RequestHandler.js:45:14)
[8:34:36 PM] (-) [CMD /home/tascord/Documents/Projects/MarioChess/modules/commands/admin.js] Error: 'SyntaxError' | missing ) after argument list
SyntaxError: missing ) after argument list
    at /home/tascord/Documents/Projects/MarioChess/modules/commands/admin.js:58:40
    at processTicksAndRejections (node:internal/process/task_queues:94:5)
[8:34:57 PM] (-) [CMD admin • FRAMEWORK] Error: 'DiscordAPIError' | Invalid Form Body
embed.description: Must be 2048 or fewer in length.
DiscordAPIError: Invalid Form Body
embed.description: Must be 2048 or fewer in length.
    at RequestHandler.execute (/home/tascord/Documents/Projects/MarioChess/node_modules/discord.js/src/rest/RequestHandler.js:237:13)
    at processTicksAndRejections (node:internal/process/task_queues:94:5)
    at async RequestHandler.push (/home/tascord/Documents/Projects/MarioChess/node_modules/discord.js/src/rest/RequestHandler.js:45:14)
